{"D:\\Projects\\react\\React Materials\\vite-react-jest-test\\src\\pages\\custom-hook-example\\useCounter.tsx": {"path":"D:\\Projects\\react\\React Materials\\vite-react-jest-test\\src\\pages\\custom-hook-example\\useCounter.tsx","statementMap":{"0":{"start":{"line":1,"column":0},"end":{"line":1,"column":33}},"1":{"start":{"line":10,"column":28},"end":{"line":10,"column":58}},"2":{"start":{"line":12,"column":20},"end":{"line":14,"column":3}},"3":{"start":{"line":13,"column":4},"end":{"line":13,"column":24}},"4":{"start":{"line":16,"column":20},"end":{"line":18,"column":3}},"5":{"start":{"line":17,"column":4},"end":{"line":17,"column":24}},"6":{"start":{"line":20,"column":2},"end":{"line":20,"column":41}},"7":{"start":{"line":9,"column":0},"end":{"line":9,"column":24}}},"fnMap":{"0":{"name":"useCounter","decl":{"start":{"line":9,"column":24},"end":{"line":9,"column":34}},"loc":{"start":{"line":9,"column":51},"end":{"line":21,"column":1}}},"1":{"name":"(anonymous_1)","decl":{"start":{"line":12,"column":20},"end":{"line":12,"column":23}},"loc":{"start":{"line":12,"column":25},"end":{"line":14,"column":3}}},"2":{"name":"(anonymous_2)","decl":{"start":{"line":16,"column":20},"end":{"line":16,"column":23}},"loc":{"start":{"line":16,"column":25},"end":{"line":18,"column":3}}}},"branchMap":{"0":{"loc":{"start":{"line":9,"column":35},"end":{"line":9,"column":51}},"type":"default-arg","locations":[{"start":{"line":9,"column":50},"end":{"line":9,"column":51}}]}},"s":{"0":1,"1":5,"2":5,"3":1,"4":5,"5":1,"6":5,"7":1},"f":{"0":5,"1":1,"2":1},"b":{"0":[2]}}
,"D:\\Projects\\react\\React Materials\\vite-react-jest-test\\src\\pages\\custom-hook-example\\useInput.tsx": {"path":"D:\\Projects\\react\\React Materials\\vite-react-jest-test\\src\\pages\\custom-hook-example\\useInput.tsx","statementMap":{"0":{"start":{"line":1,"column":0},"end":{"line":1,"column":46}},"1":{"start":{"line":6,"column":28},"end":{"line":6,"column":58}},"2":{"start":{"line":8,"column":23},"end":{"line":14,"column":3}},"3":{"start":{"line":9,"column":24},"end":{"line":11,"column":26}},"4":{"start":{"line":13,"column":4},"end":{"line":13,"column":26}},"5":{"start":{"line":16,"column":2},"end":{"line":16,"column":31}},"6":{"start":{"line":5,"column":0},"end":{"line":5,"column":24}}},"fnMap":{"0":{"name":"useInput","decl":{"start":{"line":5,"column":24},"end":{"line":5,"column":32}},"loc":{"start":{"line":5,"column":50},"end":{"line":17,"column":1}}},"1":{"name":"(anonymous_1)","decl":{"start":{"line":8,"column":23},"end":{"line":8,"column":24}},"loc":{"start":{"line":8,"column":64},"end":{"line":14,"column":3}}}},"branchMap":{"0":{"loc":{"start":{"line":5,"column":33},"end":{"line":5,"column":50}},"type":"default-arg","locations":[{"start":{"line":5,"column":48},"end":{"line":5,"column":50}}]},"1":{"loc":{"start":{"line":9,"column":24},"end":{"line":11,"column":26}},"type":"cond-expr","locations":[{"start":{"line":10,"column":8},"end":{"line":10,"column":45}},{"start":{"line":11,"column":8},"end":{"line":11,"column":26}}]}},"s":{"0":1,"1":5,"2":5,"3":2,"4":2,"5":5,"6":1},"f":{"0":5,"1":2},"b":{"0":[1],"1":[1,1]}}
,"D:\\Projects\\react\\React Materials\\vite-react-jest-test\\src\\pages\\home\\Home.tsx": {"path":"D:\\Projects\\react\\React Materials\\vite-react-jest-test\\src\\pages\\home\\Home.tsx","statementMap":{"0":{"start":{"line":1,"column":0},"end":{"line":1,"column":40}},"1":{"start":{"line":2,"column":0},"end":{"line":2,"column":48}},"2":{"start":{"line":3,"column":0},"end":{"line":3,"column":19}},"3":{"start":{"line":6,"column":2},"end":{"line":41,"column":null}},"4":{"start":{"line":5,"column":0},"end":{"line":5,"column":24}}},"fnMap":{"0":{"name":"Home","decl":{"start":{"line":5,"column":24},"end":{"line":5,"column":28}},"loc":{"start":{"line":5,"column":28},"end":{"line":42,"column":1}}}},"branchMap":{},"s":{"0":1,"1":1,"2":1,"3":4,"4":1},"f":{"0":4},"b":{}}
,"D:\\Projects\\react\\React Materials\\vite-react-jest-test\\src\\pages\\user-input\\UserInput.tsx": {"path":"D:\\Projects\\react\\React Materials\\vite-react-jest-test\\src\\pages\\user-input\\UserInput.tsx","statementMap":{"0":{"start":{"line":1,"column":0},"end":{"line":1,"column":39}},"1":{"start":{"line":2,"column":0},"end":{"line":2,"column":46}},"2":{"start":{"line":3,"column":0},"end":{"line":3,"column":24}},"3":{"start":{"line":6,"column":36},"end":{"line":6,"column":48}},"4":{"start":{"line":7,"column":34},"end":{"line":7,"column":46}},"5":{"start":{"line":9,"column":19},"end":{"line":9,"column":45}},"6":{"start":{"line":12,"column":4},"end":{"line":12,"column":33}},"7":{"start":{"line":16,"column":4},"end":{"line":16,"column":32}},"8":{"start":{"line":19,"column":2},"end":{"line":52,"column":null}},"9":{"start":{"line":5,"column":0},"end":{"line":5,"column":24}}},"fnMap":{"0":{"name":"UserInput","decl":{"start":{"line":5,"column":24},"end":{"line":5,"column":33}},"loc":{"start":{"line":5,"column":33},"end":{"line":53,"column":1}}},"1":{"name":"handleFirstNameChange","decl":{"start":{"line":11,"column":11},"end":{"line":11,"column":32}},"loc":{"start":{"line":11,"column":65},"end":{"line":13,"column":3}}},"2":{"name":"handleLastNameChange","decl":{"start":{"line":15,"column":11},"end":{"line":15,"column":31}},"loc":{"start":{"line":15,"column":64},"end":{"line":17,"column":3}}}},"branchMap":{},"s":{"0":1,"1":1,"2":1,"3":4,"4":4,"5":4,"6":1,"7":1,"8":4,"9":1},"f":{"0":4,"1":1,"2":1},"b":{}}
,"D:\\Projects\\react\\React Materials\\vite-react-jest-test\\src\\services\\date-validation-service.tsx": {"path":"D:\\Projects\\react\\React Materials\\vite-react-jest-test\\src\\services\\date-validation-service.tsx","statementMap":{"0":{"start":{"line":3,"column":22},"end":{"line":3,"column":43}},"1":{"start":{"line":5,"column":4},"end":{"line":7,"column":null}},"2":{"start":{"line":6,"column":6},"end":{"line":6,"column":19}},"3":{"start":{"line":9,"column":31},"end":{"line":9,"column":46}},"4":{"start":{"line":10,"column":23},"end":{"line":10,"column":83}},"5":{"start":{"line":12,"column":4},"end":{"line":18,"column":null}},"6":{"start":{"line":17,"column":6},"end":{"line":17,"column":19}},"7":{"start":{"line":20,"column":4},"end":{"line":20,"column":16}},"8":{"start":{"line":1,"column":0},"end":{"line":1,"column":13}}},"fnMap":{"0":{"name":"(anonymous_0)","decl":{"start":{"line":2,"column":2},"end":{"line":2,"column":14}},"loc":{"start":{"line":2,"column":27},"end":{"line":21,"column":3}}}},"branchMap":{"0":{"loc":{"start":{"line":5,"column":4},"end":{"line":7,"column":null}},"type":"if","locations":[{"start":{"line":5,"column":4},"end":{"line":7,"column":null}}]},"1":{"loc":{"start":{"line":12,"column":4},"end":{"line":18,"column":null}},"type":"if","locations":[{"start":{"line":12,"column":4},"end":{"line":18,"column":null}}]},"2":{"loc":{"start":{"line":13,"column":6},"end":{"line":15,"column":44}},"type":"binary-expr","locations":[{"start":{"line":13,"column":6},"end":{"line":13,"column":49}},{"start":{"line":14,"column":6},"end":{"line":14,"column":51}},{"start":{"line":15,"column":6},"end":{"line":15,"column":44}}]}},"s":{"0":5,"1":5,"2":2,"3":3,"4":3,"5":3,"6":2,"7":1,"8":1},"f":{"0":5},"b":{"0":[2],"1":[2],"2":[3,2,1]}}
,"D:\\Projects\\react\\React Materials\\vite-react-jest-test\\src\\services\\get-user-github-service.tsx": {"path":"D:\\Projects\\react\\React Materials\\vite-react-jest-test\\src\\services\\get-user-github-service.tsx","statementMap":{"0":{"start":{"line":1,"column":0},"end":{"line":1,"column":26}},"1":{"start":{"line":6,"column":2},"end":{"line":24,"column":null}},"2":{"start":{"line":7,"column":30},"end":{"line":13,"column":null}},"3":{"start":{"line":16,"column":4},"end":{"line":18,"column":6}},"4":{"start":{"line":20,"column":4},"end":{"line":22,"column":6}},"5":{"start":{"line":5,"column":0},"end":{"line":5,"column":15}}},"fnMap":{"0":{"name":"getUserGitHub","decl":{"start":{"line":5,"column":30},"end":{"line":5,"column":43}},"loc":{"start":{"line":5,"column":60},"end":{"line":25,"column":1}}}},"branchMap":{},"s":{"0":1,"1":2,"2":2,"3":1,"4":1,"5":1},"f":{"0":2},"b":{}}
,"D:\\Projects\\react\\React Materials\\vite-react-jest-test\\src\\services\\input-validation-service.tsx": {"path":"D:\\Projects\\react\\React Materials\\vite-react-jest-test\\src\\services\\input-validation-service.tsx","statementMap":{"0":{"start":{"line":3,"column":23},"end":{"line":3,"column":65}},"1":{"start":{"line":4,"column":4},"end":{"line":4,"column":34}},"2":{"start":{"line":8,"column":4},"end":{"line":8,"column":30}},"3":{"start":{"line":12,"column":27},"end":{"line":12,"column":54}},"4":{"start":{"line":13,"column":4},"end":{"line":13,"column":26}},"5":{"start":{"line":17,"column":4},"end":{"line":19,"column":null}},"6":{"start":{"line":18,"column":6},"end":{"line":18,"column":19}},"7":{"start":{"line":21,"column":25},"end":{"line":21,"column":47}},"8":{"start":{"line":22,"column":25},"end":{"line":22,"column":47}},"9":{"start":{"line":23,"column":22},"end":{"line":23,"column":44}},"10":{"start":{"line":25,"column":4},"end":{"line":25,"column":73}},"11":{"start":{"line":1,"column":0},"end":{"line":1,"column":13}}},"fnMap":{"0":{"name":"(anonymous_0)","decl":{"start":{"line":2,"column":2},"end":{"line":2,"column":17}},"loc":{"start":{"line":2,"column":31},"end":{"line":5,"column":3}}},"1":{"name":"(anonymous_1)","decl":{"start":{"line":7,"column":2},"end":{"line":7,"column":18}},"loc":{"start":{"line":7,"column":32},"end":{"line":9,"column":3}}},"2":{"name":"(anonymous_2)","decl":{"start":{"line":11,"column":2},"end":{"line":11,"column":15}},"loc":{"start":{"line":11,"column":29},"end":{"line":14,"column":3}}},"3":{"name":"(anonymous_3)","decl":{"start":{"line":16,"column":2},"end":{"line":16,"column":20}},"loc":{"start":{"line":16,"column":37},"end":{"line":26,"column":3}}}},"branchMap":{"0":{"loc":{"start":{"line":17,"column":4},"end":{"line":19,"column":null}},"type":"if","locations":[{"start":{"line":17,"column":4},"end":{"line":19,"column":null}}]},"1":{"loc":{"start":{"line":25,"column":11},"end":{"line":25,"column":72}},"type":"cond-expr","locations":[{"start":{"line":25,"column":60},"end":{"line":25,"column":65}},{"start":{"line":25,"column":68},"end":{"line":25,"column":72}}]},"2":{"loc":{"start":{"line":25,"column":12},"end":{"line":25,"column":56}},"type":"binary-expr","locations":[{"start":{"line":25,"column":12},"end":{"line":25,"column":25}},{"start":{"line":25,"column":29},"end":{"line":25,"column":42}},{"start":{"line":25,"column":46},"end":{"line":25,"column":56}}]}},"s":{"0":2,"1":2,"2":2,"3":3,"4":3,"5":5,"6":1,"7":4,"8":4,"9":4,"10":4,"11":1},"f":{"0":2,"1":2,"2":3,"3":5},"b":{"0":[1],"1":[3,1],"2":[4,3,2]}}
,"D:\\Projects\\react\\React Materials\\vite-react-jest-test\\src\\services\\json-placeholder-service.tsx": {"path":"D:\\Projects\\react\\React Materials\\vite-react-jest-test\\src\\services\\json-placeholder-service.tsx","statementMap":{"0":{"start":{"line":1,"column":0},"end":{"line":1,"column":26}},"1":{"start":{"line":7,"column":4},"end":{"line":25,"column":null}},"2":{"start":{"line":8,"column":32},"end":{"line":14,"column":null}},"3":{"start":{"line":17,"column":6},"end":{"line":19,"column":8}},"4":{"start":{"line":21,"column":6},"end":{"line":23,"column":8}},"5":{"start":{"line":5,"column":0},"end":{"line":5,"column":13}}},"fnMap":{"0":{"name":"(anonymous_0)","decl":{"start":{"line":6,"column":2},"end":{"line":6,"column":7}},"loc":{"start":{"line":6,"column":26},"end":{"line":26,"column":3}}}},"branchMap":{},"s":{"0":1,"1":3,"2":3,"3":2,"4":1,"5":1},"f":{"0":3},"b":{}}
,"D:\\Projects\\react\\React Materials\\vite-react-jest-test\\src\\services\\user-identity-verification-service.tsx": {"path":"D:\\Projects\\react\\React Materials\\vite-react-jest-test\\src\\services\\user-identity-verification-service.tsx","statementMap":{"0":{"start":{"line":5,"column":4},"end":{"line":5,"column":34}},"1":{"start":{"line":9,"column":4},"end":{"line":12,"column":19}},"2":{"start":{"line":10,"column":6},"end":{"line":10,"column":29}},"3":{"start":{"line":12,"column":6},"end":{"line":12,"column":19}},"4":{"start":{"line":16,"column":4},"end":{"line":20,"column":null}},"5":{"start":{"line":17,"column":6},"end":{"line":17,"column":18}},"6":{"start":{"line":19,"column":6},"end":{"line":19,"column":63}},"7":{"start":{"line":3,"column":0},"end":{"line":3,"column":13}}},"fnMap":{"0":{"name":"(anonymous_0)","decl":{"start":{"line":4,"column":2},"end":{"line":4,"column":9}},"loc":{"start":{"line":4,"column":29},"end":{"line":6,"column":3}}},"1":{"name":"(anonymous_1)","decl":{"start":{"line":8,"column":2},"end":{"line":8,"column":16}},"loc":{"start":{"line":8,"column":36},"end":{"line":13,"column":3}}},"2":{"name":"(anonymous_2)","decl":{"start":{"line":15,"column":2},"end":{"line":15,"column":16}},"loc":{"start":{"line":15,"column":36},"end":{"line":21,"column":3}}}},"branchMap":{"0":{"loc":{"start":{"line":9,"column":4},"end":{"line":12,"column":19}},"type":"if","locations":[{"start":{"line":9,"column":4},"end":{"line":12,"column":19}},{"start":{"line":12,"column":6},"end":{"line":12,"column":19}}]},"1":{"loc":{"start":{"line":16,"column":4},"end":{"line":20,"column":null}},"type":"if","locations":[{"start":{"line":16,"column":4},"end":{"line":20,"column":null}},{"start":{"line":18,"column":9},"end":{"line":20,"column":null}}]},"2":{"loc":{"start":{"line":19,"column":13},"end":{"line":19,"column":62}},"type":"cond-expr","locations":[{"start":{"line":19,"column":50},"end":{"line":19,"column":55}},{"start":{"line":19,"column":58},"end":{"line":19,"column":62}}]}},"s":{"0":2,"1":3,"2":2,"3":1,"4":3,"5":1,"6":2,"7":1},"f":{"0":2,"1":3,"2":3},"b":{"0":[2,1],"1":[1,2],"2":[1,1]}}
}
