TN:
SF:src\pages\custom-hook-example\useInput.tsx
FN:5,useInput
FN:8,(anonymous_1)
FNF:2
FNH:2
FNDA:7,useInput
FNDA:4,(anonymous_1)
DA:1,1
DA:5,1
DA:6,7
DA:8,7
DA:9,4
DA:12,7
LF:6
LH:6
BRDA:5,0,0,0
BRF:1
BRH:0
end_of_record
TN:
SF:src\pages\home\Home.tsx
FN:5,Home
FNF:1
FNH:1
FNDA:4,Home
DA:1,1
DA:2,1
DA:3,1
DA:5,1
DA:6,4
LF:5
LH:5
BRF:0
BRH:0
end_of_record
TN:
SF:src\pages\user-input\UserInput.tsx
FN:5,UserInput
FN:11,handleFirstNameChange
FN:15,handleLastNameChange
FNF:3
FNH:3
FNDA:4,UserInput
FNDA:1,handleFirstNameChange
FNDA:1,handleLastNameChange
DA:1,1
DA:2,1
DA:3,1
DA:5,1
DA:6,4
DA:7,4
DA:9,4
DA:12,1
DA:16,1
DA:19,4
LF:10
LH:10
BRF:0
BRH:0
end_of_record
TN:
SF:src\services\date-validation-service.tsx
FN:2,(anonymous_0)
FNF:1
FNH:1
FNDA:5,(anonymous_0)
DA:1,1
DA:3,5
DA:5,5
DA:6,2
DA:9,3
DA:10,3
DA:12,3
DA:17,2
DA:20,1
LF:9
LH:9
BRDA:5,0,0,2
BRDA:12,1,0,2
BRDA:13,2,0,3
BRDA:13,2,1,2
BRDA:13,2,2,1
BRF:5
BRH:5
end_of_record
TN:
SF:src\services\get-user-github-service.tsx
FN:5,getUserGitHub
FNF:1
FNH:1
FNDA:2,getUserGitHub
DA:1,1
DA:5,1
DA:6,2
DA:7,2
DA:16,1
DA:20,1
LF:6
LH:6
BRF:0
BRH:0
end_of_record
TN:
SF:src\services\input-validation-service.tsx
FN:2,(anonymous_0)
FN:7,(anonymous_1)
FN:11,(anonymous_2)
FN:16,(anonymous_3)
FNF:4
FNH:4
FNDA:2,(anonymous_0)
FNDA:2,(anonymous_1)
FNDA:3,(anonymous_2)
FNDA:5,(anonymous_3)
DA:1,1
DA:3,2
DA:4,2
DA:8,2
DA:12,3
DA:13,3
DA:17,5
DA:18,1
DA:21,4
DA:22,4
DA:23,4
DA:25,4
LF:12
LH:12
BRDA:17,0,0,1
BRDA:25,1,0,3
BRDA:25,1,1,1
BRDA:25,2,0,4
BRDA:25,2,1,3
BRDA:25,2,2,2
BRF:6
BRH:6
end_of_record
