TN:
SF:src\pages\custom-hook-example\useCounter.tsx
FN:9,useCounter
FN:12,(anonymous_1)
FN:16,(anonymous_2)
FNF:3
FNH:3
FNDA:5,useCounter
FNDA:1,(anonymous_1)
FNDA:1,(anonymous_2)
DA:1,1
DA:9,1
DA:10,5
DA:12,5
DA:13,1
DA:16,5
DA:17,1
DA:20,5
LF:8
LH:8
BRDA:9,0,0,2
BRF:1
BRH:1
end_of_record
TN:
SF:src\pages\custom-hook-example\useInput.tsx
FN:5,useInput
FN:8,(anonymous_1)
FNF:2
FNH:2
FNDA:5,useInput
FNDA:2,(anonymous_1)
DA:1,1
DA:5,1
DA:6,5
DA:8,5
DA:9,2
DA:13,2
DA:16,5
LF:7
LH:7
BRDA:5,0,0,1
BRDA:9,1,0,1
BRDA:9,1,1,1
BRF:3
BRH:3
end_of_record
TN:
SF:src\pages\home\Home.tsx
FN:5,Home
FNF:1
FNH:1
FNDA:4,Home
DA:1,1
DA:2,1
DA:3,1
DA:5,1
DA:6,4
LF:5
LH:5
BRF:0
BRH:0
end_of_record
TN:
SF:src\pages\user-input\UserInput.tsx
FN:5,UserInput
FN:11,handleFirstNameChange
FN:15,handleLastNameChange
FNF:3
FNH:3
FNDA:4,UserInput
FNDA:1,handleFirstNameChange
FNDA:1,handleLastNameChange
DA:1,1
DA:2,1
DA:3,1
DA:5,1
DA:6,4
DA:7,4
DA:9,4
DA:12,1
DA:16,1
DA:19,4
LF:10
LH:10
BRF:0
BRH:0
end_of_record
TN:
SF:src\services\date-validation-service.tsx
FN:2,(anonymous_0)
FNF:1
FNH:1
FNDA:5,(anonymous_0)
DA:1,1
DA:3,5
DA:5,5
DA:6,2
DA:9,3
DA:10,3
DA:12,3
DA:17,2
DA:20,1
LF:9
LH:9
BRDA:5,0,0,2
BRDA:12,1,0,2
BRDA:13,2,0,3
BRDA:13,2,1,2
BRDA:13,2,2,1
BRF:5
BRH:5
end_of_record
TN:
SF:src\services\get-user-github-service.tsx
FN:5,getUserGitHub
FNF:1
FNH:1
FNDA:2,getUserGitHub
DA:1,1
DA:5,1
DA:6,2
DA:7,2
DA:16,1
DA:20,1
LF:6
LH:6
BRF:0
BRH:0
end_of_record
TN:
SF:src\services\input-validation-service.tsx
FN:2,(anonymous_0)
FN:7,(anonymous_1)
FN:11,(anonymous_2)
FN:16,(anonymous_3)
FNF:4
FNH:4
FNDA:2,(anonymous_0)
FNDA:2,(anonymous_1)
FNDA:3,(anonymous_2)
FNDA:5,(anonymous_3)
DA:1,1
DA:3,2
DA:4,2
DA:8,2
DA:12,3
DA:13,3
DA:17,5
DA:18,1
DA:21,4
DA:22,4
DA:23,4
DA:25,4
LF:12
LH:12
BRDA:17,0,0,1
BRDA:25,1,0,3
BRDA:25,1,1,1
BRDA:25,2,0,4
BRDA:25,2,1,3
BRDA:25,2,2,2
BRF:6
BRH:6
end_of_record
TN:
SF:src\services\json-placeholder-service.tsx
FN:6,(anonymous_0)
FNF:1
FNH:1
FNDA:3,(anonymous_0)
DA:1,1
DA:5,1
DA:7,3
DA:8,3
DA:17,2
DA:21,1
LF:6
LH:6
BRF:0
BRH:0
end_of_record
TN:
SF:src\services\user-identity-verification-service.tsx
FN:4,(anonymous_0)
FN:8,(anonymous_1)
FN:15,(anonymous_2)
FNF:3
FNH:3
FNDA:2,(anonymous_0)
FNDA:3,(anonymous_1)
FNDA:3,(anonymous_2)
DA:3,1
DA:5,2
DA:9,3
DA:10,2
DA:12,1
DA:16,3
DA:17,1
DA:19,2
LF:8
LH:8
BRDA:9,0,0,2
BRDA:9,0,1,1
BRDA:16,1,0,1
BRDA:16,1,1,2
BRDA:19,2,0,1
BRDA:19,2,1,1
BRF:6
BRH:6
end_of_record
